TN:
SF:src/core/tmdb/discoverNormalize.ts
FN:29,normalize
FN:54,normalizeList
FN:60,(anonymous_2)
FN:61,(anonymous_3)
FNF:4
FNH:4
FNDA:18,normalize
FNDA:6,normalizeList
FNDA:6,(anonymous_2)
FNDA:6,(anonymous_3)
DA:33,18
DA:35,14
DA:36,18
DA:37,13
DA:58,6
DA:59,4
DA:60,6
DA:61,6
LF:8
LH:8
BRDA:33,0,0,4
BRDA:33,0,1,14
BRDA:33,1,0,18
BRDA:33,1,1,17
BRDA:35,2,0,14
BRDA:35,2,1,3
BRDA:35,2,2,1
BRDA:36,3,0,1
BRDA:36,3,1,17
BRDA:36,4,0,18
BRDA:36,4,1,5
BRDA:42,5,0,13
BRDA:42,5,1,11
BRDA:43,6,0,18
BRDA:43,6,1,12
BRDA:58,7,0,2
BRDA:58,7,1,4
BRF:17
BRH:17
end_of_record
TN:
SF:src/core/tmdb/genres.ts
FN:29,resolveGenres
FN:35,(anonymous_1)
FN:50,genreIdFor
FNF:3
FNH:3
FNDA:21,resolveGenres
FNDA:17,(anonymous_1)
FNDA:10,genreIdFor
DA:11,2
DA:20,2
DA:33,21
DA:34,9
DA:35,21
DA:39,2
DA:54,10
DA:55,10
DA:56,116
DA:60,4
DA:66,4
DA:67,4
DA:68,2
DA:69,26
DA:72,2
LF:15
LH:15
BRDA:33,0,0,12
BRDA:33,0,1,9
BRDA:33,1,0,21
BRDA:33,1,1,10
BRDA:34,2,0,2
BRDA:34,2,1,7
BRDA:54,3,0,3
BRDA:54,3,1,7
BRDA:56,4,0,6
BRDA:56,4,1,110
BRDA:67,5,0,2
BRDA:67,5,1,2
BRDA:69,6,0,2
BRDA:69,6,1,24
BRF:14
BRH:14
end_of_record
TN:
SF:src/features/collections/collectionAdapter.ts
FN:32,fetchCollectionsFromSupabase
FN:48,(anonymous_1)
FN:56,(anonymous_2)
FN:73,createCollectionInSupabase
FN:103,renameCollectionInSupabase
FN:115,updateCollectionMetaInSupabase
FN:135,deleteCollectionInSupabase
FN:144,restoreCollectionInSupabase
FN:154,duplicateCollectionInSupabase
FN:184,searchCollectionsInSupabase
FN:198,(anonymous_10)
FN:215,ensureFavoritesExistsInSupabase
FN:229,(anonymous_12)
FNF:13
FNH:6
FNDA:6,fetchCollectionsFromSupabase
FNDA:4,(anonymous_1)
FNDA:1,(anonymous_2)
FNDA:5,createCollectionInSupabase
FNDA:0,renameCollectionInSupabase
FNDA:0,updateCollectionMetaInSupabase
FNDA:4,deleteCollectionInSupabase
FNDA:2,restoreCollectionInSupabase
FNDA:0,duplicateCollectionInSupabase
FNDA:0,searchCollectionsInSupabase
FNDA:0,(anonymous_10)
FNDA:0,ensureFavoritesExistsInSupabase
FNDA:0,(anonymous_12)
DA:33,6
DA:34,6
DA:40,6
DA:41,2
DA:42,2
DA:44,4
DA:47,3
DA:49,4
DA:50,4
DA:56,3
DA:57,1
DA:58,0
DA:59,0
DA:62,3
DA:78,5
DA:83,5
DA:87,5
DA:93,5
DA:94,3
DA:95,3
DA:97,2
DA:107,0
DA:108,0
DA:109,0
DA:127,0
DA:128,0
DA:129,0
DA:136,4
DA:137,4
DA:138,4
DA:145,2
DA:146,2
DA:147,2
DA:159,0
DA:160,0
DA:161,0
DA:163,0
DA:166,0
DA:169,0
DA:172,0
DA:173,0
DA:188,0
DA:189,0
DA:195,0
DA:197,0
DA:199,0
DA:200,0
DA:204,0
DA:216,0
DA:217,0
DA:223,0
DA:224,0
DA:225,0
DA:229,0
DA:230,0
DA:231,0
LF:56
LH:25
BRDA:40,0,0,2
BRDA:40,0,1,4
BRDA:44,1,0,1
BRDA:44,1,1,3
BRDA:44,2,0,4
BRDA:44,2,1,4
BRDA:57,3,0,1
BRDA:57,3,1,0
BRDA:57,4,0,1
BRDA:57,4,1,1
BRDA:58,5,0,0
BRDA:58,5,1,0
BRDA:58,6,0,0
BRDA:58,6,1,0
BRDA:83,7,0,0
BRDA:83,7,1,5
BRDA:84,8,0,0
BRDA:84,8,1,5
BRDA:91,9,0,5
BRDA:91,9,1,5
BRDA:93,10,0,3
BRDA:93,10,1,2
BRDA:97,11,0,2
BRDA:97,11,1,0
BRDA:109,12,0,0
BRDA:109,12,1,0
BRDA:129,13,0,0
BRDA:129,13,1,0
BRDA:138,14,0,2
BRDA:138,14,1,2
BRDA:147,15,0,1
BRDA:147,15,1,1
BRDA:161,16,0,0
BRDA:161,16,1,0
BRDA:161,17,0,0
BRDA:161,17,1,0
BRDA:161,18,0,0
BRDA:161,18,1,0
BRDA:167,19,0,0
BRDA:167,19,1,0
BRDA:169,20,0,0
BRDA:169,20,1,0
BRDA:195,21,0,0
BRDA:195,21,1,0
BRDA:195,22,0,0
BRDA:195,22,1,0
BRDA:223,23,0,0
BRDA:223,23,1,0
BRDA:230,24,0,0
BRDA:230,24,1,0
BRF:50
BRH:20
end_of_record
TN:
SF:src/features/collections/collectionEntryAdapter.ts
FN:36,fetchEntriesForCollection
FN:49,(anonymous_1)
FN:65,(anonymous_2)
FN:75,(anonymous_3)
FN:98,resolveVaultId
FN:117,addEntryToCollection
FN:152,addEntryToCollectionByTmdbId
FN:179,removeEntryFromCollection
FN:198,reorderEntriesInCollection
FN:218,moveEntryInCollection
FN:235,clearCollectionEntries
FNF:11
FNH:0
FNDA:0,fetchEntriesForCollection
FNDA:0,(anonymous_1)
FNDA:0,(anonymous_2)
FNDA:0,(anonymous_3)
FNDA:0,resolveVaultId
FNDA:0,addEntryToCollection
FNDA:0,addEntryToCollectionByTmdbId
FNDA:0,removeEntryFromCollection
FNDA:0,reorderEntriesInCollection
FNDA:0,moveEntryInCollection
FNDA:0,clearCollectionEntries
DA:37,0
DA:38,0
DA:39,0
DA:40,0
DA:41,0
DA:43,0
DA:48,0
DA:49,0
DA:54,0
DA:55,0
DA:56,0
DA:62,0
DA:63,0
DA:65,0
DA:69,0
DA:70,0
DA:71,0
DA:75,0
DA:76,0
DA:77,0
DA:80,0
DA:84,0
DA:103,0
DA:104,0
DA:105,0
DA:106,0
DA:134,0
DA:135,0
DA:139,0
DA:140,0
DA:141,0
DA:143,0
DA:158,0
DA:159,0
DA:160,0
DA:161,0
DA:164,0
DA:165,0
DA:166,0
DA:167,0
DA:168,0
DA:170,0
DA:183,0
DA:184,0
DA:185,0
DA:186,0
DA:187,0
DA:189,0
DA:202,0
DA:203,0
DA:204,0
DA:205,0
DA:206,0
DA:208,0
DA:223,0
DA:224,0
DA:225,0
DA:226,0
DA:227,0
DA:229,0
DA:236,0
DA:237,0
DA:238,0
DA:239,0
DA:240,0
DA:242,0
LF:66
LH:0
BRDA:39,0,0,0
BRDA:39,0,1,0
BRDA:43,1,0,0
BRDA:43,1,1,0
BRDA:62,2,0,0
BRDA:62,2,1,0
BRDA:70,3,0,0
BRDA:70,3,1,0
BRDA:77,4,0,0
BRDA:77,4,1,0
BRDA:84,5,0,0
BRDA:84,5,1,0
BRDA:105,6,0,0
BRDA:105,6,1,0
BRDA:105,7,0,0
BRDA:105,7,1,0
BRDA:139,8,0,0
BRDA:139,8,1,0
BRDA:159,9,0,0
BRDA:159,9,1,0
BRDA:166,10,0,0
BRDA:166,10,1,0
BRDA:185,11,0,0
BRDA:185,11,1,0
BRDA:204,12,0,0
BRDA:204,12,1,0
BRDA:225,13,0,0
BRDA:225,13,1,0
BRDA:238,14,0,0
BRDA:238,14,1,0
BRF:30
BRH:0
end_of_record
TN:
SF:src/features/collections/collectionMapper.ts
FN:33,mapCollectionType
FN:63,entryRowToCollectionEntry
FN:86,collectionRowToCollection
FN:125,collectionToCreatePayload
FNF:4
FNH:2
FNDA:4,mapCollectionType
FNDA:0,entryRowToCollectionEntry
FNDA:4,collectionRowToCollection
FNDA:0,collectionToCreatePayload
DA:34,4
DA:35,4
DA:67,0
DA:90,4
DA:144,0
DA:146,0
LF:6
LH:3
BRDA:34,0,0,0
BRDA:34,0,1,4
BRDA:65,1,0,0
BRDA:94,2,0,4
BRDA:94,2,1,4
BRDA:95,3,0,4
BRDA:95,3,1,4
BRDA:96,4,0,4
BRDA:96,4,1,4
BRDA:97,5,0,4
BRDA:97,5,1,4
BRDA:98,6,0,4
BRDA:98,6,1,4
BRDA:144,7,0,0
BRDA:144,7,1,0
BRDA:150,8,0,0
BRDA:150,8,1,0
BRDA:151,9,0,0
BRDA:151,9,1,0
BRDA:152,10,0,0
BRDA:152,10,1,0
BRDA:153,11,0,0
BRDA:153,11,1,0
BRF:23
BRH:11
end_of_record
TN:
SF:src/features/collections/components/timelineSort.ts
FN:25,sortAndEnrich
FN:34,(anonymous_1)
FN:42,(anonymous_2)
FN:45,(anonymous_3)
FN:53,(anonymous_4)
FN:61,(anonymous_5)
FN:70,(anonymous_6)
FN:83,groupByPhase
FN:102,groupByStoryYear
FNF:9
FNH:9
FNDA:10,sortAndEnrich
FNDA:14,(anonymous_1)
FNDA:4,(anonymous_2)
FNDA:2,(anonymous_3)
FNDA:4,(anonymous_4)
FNDA:4,(anonymous_5)
FNDA:27,(anonymous_6)
FNDA:6,groupByPhase
FNDA:8,groupByStoryYear
DA:30,10
DA:32,10
DA:34,5
DA:35,14
DA:36,14
DA:37,14
DA:39,5
DA:42,4
DA:43,2
DA:45,1
DA:46,2
DA:47,2
DA:48,2
DA:49,1
DA:51,1
DA:53,1
DA:54,4
DA:55,4
DA:56,4
DA:57,0
DA:59,1
DA:61,1
DA:63,4
DA:64,3
DA:65,1
DA:67,1
DA:70,10
DA:71,27
DA:72,27
DA:87,6
DA:88,2
DA:89,2
DA:90,2
DA:91,4
DA:92,4
DA:93,3
DA:94,3
DA:96,4
DA:98,2
DA:106,8
DA:107,6
DA:108,6
DA:109,6
DA:110,8
DA:112,8
DA:113,2
DA:114,6
DA:115,1
DA:116,5
DA:117,1
DA:119,4
DA:122,8
DA:123,3
DA:125,8
DA:126,7
DA:127,7
DA:129,8
DA:131,6
LF:58
LH:57
BRDA:32,0,0,5
BRDA:32,0,1,2
BRDA:32,0,2,1
BRDA:32,0,3,1
BRDA:32,0,4,1
BRDA:35,1,0,14
BRDA:35,1,1,0
BRDA:35,1,2,0
BRDA:36,2,0,14
BRDA:36,2,1,1
BRDA:36,2,2,1
BRDA:42,3,0,4
BRDA:42,3,1,1
BRDA:42,4,0,4
BRDA:42,4,1,1
BRDA:46,5,0,2
BRDA:46,5,1,0
BRDA:47,6,0,2
BRDA:47,6,1,0
BRDA:48,7,0,1
BRDA:48,7,1,1
BRDA:49,8,0,1
BRDA:49,8,1,0
BRDA:49,9,0,2
BRDA:49,9,1,0
BRDA:54,10,0,4
BRDA:54,10,1,0
BRDA:55,11,0,4
BRDA:55,11,1,0
BRDA:56,12,0,4
BRDA:56,12,1,0
BRDA:57,13,0,0
BRDA:57,13,1,0
BRDA:57,14,0,4
BRDA:57,14,1,0
BRDA:63,15,0,1
BRDA:63,15,1,3
BRDA:63,16,0,4
BRDA:63,16,1,1
BRDA:64,17,0,2
BRDA:64,17,1,1
BRDA:64,18,0,3
BRDA:64,18,1,3
BRDA:65,19,0,1
BRDA:65,19,1,0
BRDA:65,19,2,0
BRDA:65,20,0,4
BRDA:65,20,1,0
BRDA:65,20,2,0
BRDA:76,21,0,27
BRDA:76,21,1,25
BRDA:77,22,0,27
BRDA:77,22,1,26
BRDA:87,23,0,4
BRDA:87,23,1,2
BRDA:91,24,0,4
BRDA:91,24,1,1
BRDA:92,25,0,3
BRDA:92,25,1,1
BRDA:92,26,0,4
BRDA:92,26,1,2
BRDA:106,27,0,2
BRDA:106,27,1,6
BRDA:112,28,0,2
BRDA:112,28,1,6
BRDA:112,29,0,8
BRDA:112,29,1,7
BRDA:114,30,0,1
BRDA:114,30,1,5
BRDA:116,31,0,1
BRDA:116,31,1,4
BRDA:122,32,0,3
BRDA:122,32,1,5
BRDA:122,33,0,8
BRDA:122,33,1,7
BRDA:122,33,2,6
BRDA:125,34,0,7
BRDA:125,34,1,1
BRDA:125,35,0,8
BRDA:125,35,1,2
BRF:80
BRH:64
end_of_record
TN:
SF:src/features/collections/utils/evaluateSmartRules.ts
FN:11,evaluateSmartRules
FN:16,(anonymous_1)
FN:16,(anonymous_2)
FN:19,matchRule
FNF:4
FNH:4
FNDA:17,evaluateSmartRules
FNDA:23,(anonymous_1)
FNDA:28,(anonymous_2)
FNDA:28,matchRule
DA:15,17
DA:16,28
DA:20,28
DA:22,6
DA:23,6
DA:30,5
DA:31,5
DA:36,0
DA:37,0
DA:38,0
DA:43,7
DA:44,7
DA:45,6
DA:46,4
DA:47,2
DA:48,2
DA:49,2
DA:51,0
DA:54,3
DA:55,3
DA:56,0
DA:57,0
DA:58,0
DA:59,0
DA:61,0
DA:64,4
DA:67,3
DA:68,3
DA:69,3
DA:74,0
LF:30
LH:20
BRDA:15,0,0,2
BRDA:15,0,1,15
BRDA:15,1,0,17
BRDA:15,1,1,16
BRDA:20,2,0,6
BRDA:20,2,1,5
BRDA:20,2,2,0
BRDA:20,2,3,7
BRDA:20,2,4,3
BRDA:20,2,5,4
BRDA:20,2,6,3
BRDA:20,2,7,0
BRDA:23,3,0,5
BRDA:23,3,1,1
BRDA:24,4,0,5
BRDA:24,4,1,1
BRDA:25,5,0,1
BRDA:25,5,1,0
BRDA:26,6,0,1
BRDA:26,6,1,0
BRDA:31,7,0,5
BRDA:31,7,1,0
BRDA:32,8,0,5
BRDA:32,8,1,5
BRDA:32,8,2,2
BRDA:37,9,0,0
BRDA:37,9,1,0
BRDA:37,9,2,0
BRDA:38,10,0,0
BRDA:38,10,1,0
BRDA:43,11,0,7
BRDA:43,11,1,1
BRDA:43,12,0,7
BRDA:43,12,1,1
BRDA:43,12,2,1
BRDA:44,13,0,1
BRDA:44,13,1,6
BRDA:45,14,0,2
BRDA:45,14,1,4
BRDA:46,15,0,2
BRDA:46,15,1,2
BRDA:47,16,0,2
BRDA:47,16,1,0
BRDA:47,17,0,2
BRDA:47,17,1,2
BRDA:49,18,0,2
BRDA:49,18,1,2
BRDA:54,19,0,3
BRDA:54,19,1,1
BRDA:55,20,0,3
BRDA:55,20,1,0
BRDA:56,21,0,0
BRDA:56,21,1,0
BRDA:57,22,0,0
BRDA:57,22,1,0
BRDA:57,23,0,0
BRDA:57,23,1,0
BRDA:59,24,0,0
BRDA:59,24,1,0
BRDA:64,25,0,4
BRDA:64,25,1,4
BRDA:68,26,0,3
BRDA:68,26,1,1
BRDA:68,26,2,0
BRDA:69,27,0,3
BRDA:69,27,1,0
BRF:66
BRH:44
end_of_record
TN:
SF:src/features/dashboard/dashboardAdapter.ts
FNF:0
FNH:0
LF:0
LH:0
BRF:0
BRH:0
end_of_record
TN:
SF:src/features/dashboard/recommendationEngine.ts
FN:14,(anonymous_0)
FN:28,pickContinueWatching
FN:32,pickRandomPlanned
FN:33,(anonymous_3)
FN:39,(anonymous_4)
FN:46,pickHighestRated
FN:48,(anonymous_6)
FN:49,(anonymous_7)
FN:61,pickRecentlyAdded
FN:62,(anonymous_9)
FN:68,pickRandomFeatured
FN:75,(anonymous_11)
FN:76,(anonymous_12)
FN:78,(anonymous_13)
FN:82,(anonymous_14)
FN:85,(anonymous_15)
FN:98,(anonymous_16)
FN:114,getRecommendation
FNF:18
FNH:17
FNDA:4,(anonymous_0)
FNDA:9,pickContinueWatching
FNDA:5,pickRandomPlanned
FNDA:5,(anonymous_3)
FNDA:3,(anonymous_4)
FNDA:3,pickHighestRated
FNDA:5,(anonymous_6)
FNDA:2,(anonymous_7)
FNDA:3,pickRecentlyAdded
FNDA:2,(anonymous_9)
FNDA:11,pickRandomFeatured
FNDA:96,(anonymous_11)
FNDA:96,(anonymous_12)
FNDA:32,(anonymous_13)
FNDA:32,(anonymous_14)
FNDA:32,(anonymous_15)
FNDA:0,(anonymous_16)
FNDA:8,getRecommendation
DA:14,2
DA:15,4
DA:16,4
DA:17,4
DA:18,2
DA:19,0
DA:29,9
DA:33,5
DA:34,5
DA:36,5
DA:38,3
DA:39,3
DA:40,2
DA:43,2
DA:47,3
DA:48,5
DA:50,2
DA:51,2
DA:52,2
DA:54,1
DA:55,2
DA:56,2
DA:58,3
DA:62,3
DA:63,2
DA:65,3
DA:73,11
DA:75,96
DA:76,96
DA:78,10
DA:79,32
DA:82,10
DA:83,32
DA:85,10
DA:86,32
DA:91,10
DA:92,7
DA:93,3
DA:94,1
DA:95,2
DA:96,2
DA:98,0
DA:99,0
DA:102,10
DA:103,10
DA:119,8
DA:120,2
DA:124,6
DA:125,6
DA:126,2
DA:136,4
DA:137,4
DA:138,3
DA:148,1
DA:149,1
DA:150,1
DA:159,0
LF:57
LH:53
BRDA:15,0,0,0
BRDA:15,0,1,4
BRDA:16,1,0,0
BRDA:16,1,1,4
BRDA:17,2,0,2
BRDA:17,2,1,2
BRDA:18,3,0,2
BRDA:18,3,1,0
BRDA:18,4,0,2
BRDA:18,4,1,2
BRDA:29,5,0,9
BRDA:29,5,1,6
BRDA:34,6,0,5
BRDA:34,6,1,2
BRDA:36,7,0,2
BRDA:36,7,1,3
BRDA:38,8,0,2
BRDA:38,8,1,1
BRDA:40,9,0,1
BRDA:40,9,1,1
BRDA:50,10,0,2
BRDA:50,10,1,0
BRDA:50,11,0,2
BRDA:50,11,1,0
BRDA:51,12,0,2
BRDA:51,12,1,0
BRDA:51,13,0,2
BRDA:51,13,1,0
BRDA:52,14,0,1
BRDA:52,14,1,1
BRDA:54,15,0,1
BRDA:54,15,1,0
BRDA:55,16,0,2
BRDA:55,16,1,0
BRDA:58,17,0,3
BRDA:58,17,1,1
BRDA:65,18,0,3
BRDA:65,18,1,1
BRDA:65,18,2,1
BRDA:73,19,0,1
BRDA:73,19,1,10
BRDA:76,20,0,6
BRDA:76,20,1,90
BRDA:79,21,0,32
BRDA:79,21,1,32
BRDA:79,21,2,31
BRDA:79,21,3,4
BRDA:83,22,0,32
BRDA:83,22,1,32
BRDA:83,22,2,31
BRDA:86,23,0,32
BRDA:86,23,1,32
BRDA:86,23,2,31
BRDA:91,24,0,7
BRDA:91,24,1,3
BRDA:93,25,0,1
BRDA:93,25,1,2
BRDA:95,26,0,2
BRDA:95,26,1,0
BRDA:99,27,0,0
BRDA:99,27,1,0
BRDA:119,28,0,2
BRDA:119,28,1,6
BRDA:125,29,0,2
BRDA:125,29,1,4
BRDA:137,30,0,3
BRDA:137,30,1,1
BRDA:137,31,0,4
BRDA:137,31,1,4
BRDA:137,31,2,1
BRDA:148,32,0,1
BRDA:148,32,1,0
BRDA:152,33,0,0
BRDA:152,33,1,1
BRDA:155,34,0,0
BRDA:155,34,1,1
BRF:76
BRH:61
end_of_record
TN:
SF:src/features/search/genreBrowseUtils.ts
FN:31,(anonymous_0)
FN:49,fetchGenrePage
FN:90,(anonymous_2)
FNF:3
FNH:0
FNDA:0,(anonymous_0)
FNDA:0,fetchGenrePage
FNDA:0,(anonymous_2)
DA:31,0
DA:55,0
DA:56,0
DA:57,0
DA:66,0
DA:67,0
DA:76,0
DA:79,0
DA:80,0
DA:82,0
DA:83,0
DA:84,0
DA:85,0
DA:86,0
DA:89,0
DA:90,0
DA:91,0
DA:92,0
DA:93,0
DA:94,0
LF:20
LH:0
BRDA:56,0,0,0
BRDA:56,0,1,0
BRDA:66,1,0,0
BRDA:66,1,1,0
BRDA:79,2,0,0
BRDA:79,2,1,0
BRDA:80,3,0,0
BRDA:80,3,1,0
BRDA:85,4,0,0
BRDA:85,4,1,0
BRDA:86,5,0,0
BRDA:86,5,1,0
BRDA:92,6,0,0
BRDA:92,6,1,0
BRF:14
BRH:0
end_of_record
TN:
SF:src/features/search/searchStorage.ts
FN:12,loadRecent
FN:19,(anonymous_1)
FN:26,saveRecent
FNF:3
FNH:3
FNDA:5,loadRecent
FNDA:26,(anonymous_1)
FNDA:2,saveRecent
DA:9,1
DA:10,1
DA:13,5
DA:14,5
DA:15,5
DA:16,5
DA:17,4
DA:18,4
DA:19,26
DA:22,1
DA:27,2
DA:28,2
DA:29,2
LF:13
LH:13
BRDA:13,0,0,0
BRDA:13,0,1,5
BRDA:16,1,0,1
BRDA:16,1,1,4
BRDA:18,2,0,3
BRDA:18,2,1,0
BRDA:27,3,0,0
BRDA:27,3,1,2
BRF:8
BRH:5
end_of_record
TN:
SF:src/features/watchlist/episodeProgressAdapter.ts
FN:40,enrichWithEpisodeProgress
FN:72,enrichWithEpisodeProgressAsync
FN:101,(anonymous_2)
FN:143,resolveVaultId
FN:168,updateSeasonEpisodeInSupabase
FN:209,updateWatchProgressInSupabase
FN:228,markEpisodeCompletedInSupabase
FNF:7
FNH:7
FNDA:2,enrichWithEpisodeProgress
FNDA:7,enrichWithEpisodeProgressAsync
FNDA:2,(anonymous_2)
FNDA:7,resolveVaultId
FNDA:4,updateSeasonEpisodeInSupabase
FNDA:1,updateWatchProgressInSupabase
FNDA:3,markEpisodeCompletedInSupabase
DA:45,2
DA:46,2
DA:47,1
DA:51,2
DA:52,2
DA:53,2
DA:54,1
DA:55,1
DA:59,2
DA:63,0
DA:77,7
DA:78,7
DA:79,8
DA:83,7
DA:84,7
DA:85,8
DA:86,2
DA:87,2
DA:90,7
DA:93,2
DA:94,2
DA:95,2
DA:96,1
DA:97,1
DA:101,1
DA:102,2
DA:103,1
DA:104,1
DA:106,1
DA:107,1
DA:112,1
DA:121,2
DA:148,7
DA:149,7
DA:150,7
DA:151,5
DA:175,4
DA:176,4
DA:177,1
DA:178,1
DA:181,3
DA:182,3
DA:191,3
DA:192,1
DA:193,1
DA:195,2
DA:215,1
DA:216,1
DA:217,1
DA:235,3
DA:236,3
DA:238,2
DA:239,2
DA:240,2
DA:241,1
DA:242,1
DA:244,1
LF:57
LH:56
BRDA:53,0,0,1
BRDA:53,0,1,1
BRDA:55,1,0,0
BRDA:55,1,1,1
BRDA:59,2,0,2
BRDA:59,2,1,0
BRDA:85,3,0,6
BRDA:85,3,1,2
BRDA:87,4,0,2
BRDA:87,4,1,0
BRDA:90,5,0,5
BRDA:90,5,1,2
BRDA:95,6,0,1
BRDA:95,6,1,1
BRDA:102,7,0,1
BRDA:102,7,1,1
BRDA:104,8,0,0
BRDA:104,8,1,1
BRDA:107,9,0,0
BRDA:107,9,1,1
BRDA:116,10,0,1
BRDA:116,10,1,0
BRDA:150,11,0,2
BRDA:150,11,1,5
BRDA:150,12,0,7
BRDA:150,12,1,7
BRDA:176,13,0,1
BRDA:176,13,1,3
BRDA:191,14,0,1
BRDA:191,14,1,2
BRDA:215,15,0,1
BRDA:215,15,1,0
BRDA:216,16,0,1
BRDA:216,16,1,0
BRDA:236,17,0,1
BRDA:236,17,1,2
BRDA:240,18,0,1
BRDA:240,18,1,1
BRF:38
BRH:30
end_of_record
TN:
SF:src/features/watchlist/presetAdapter.ts
FN:30,presetRowToFilterPreset
FN:49,fetchPresetsFromSupabase
FN:68,createPresetInSupabase
FN:87,renamePresetInSupabase
FN:105,deletePresetFromSupabase
FNF:5
FNH:5
FNDA:3,presetRowToFilterPreset
FNDA:4,fetchPresetsFromSupabase
FNDA:5,createPresetInSupabase
FNDA:2,renamePresetInSupabase
FNDA:4,deletePresetFromSupabase
DA:31,3
DA:50,4
DA:51,4
DA:52,4
DA:53,1
DA:54,1
DA:56,3
DA:73,5
DA:74,5
DA:75,5
DA:76,3
DA:77,3
DA:79,2
DA:91,2
DA:92,2
DA:93,2
DA:94,1
DA:95,1
DA:97,1
DA:106,4
DA:107,4
DA:108,4
DA:109,2
DA:110,2
DA:112,2
LF:25
LH:25
BRDA:52,0,0,1
BRDA:52,0,1,3
BRDA:75,1,0,3
BRDA:75,1,1,2
BRDA:93,2,0,1
BRDA:93,2,1,1
BRDA:108,3,0,2
BRDA:108,3,1,2
BRF:8
BRH:8
end_of_record
TN:
SF:src/features/watchlist/vaultAdapter.ts
FN:56,updateStatusInSupabase
FN:72,updateRatingInSupabase
FN:87,updateNotesInSupabase
FN:102,updateWatchDateInSupabase
FN:117,updateProgressInSupabase
FN:132,toggleFavoriteInSupabase
FN:148,togglePinnedInSupabase
FN:164,deleteVaultItemInSupabase
FN:179,restoreVaultItemInSupabase
FN:194,updateVaultItemInSupabase
FNF:10
FNH:10
FNDA:2,updateStatusInSupabase
FNDA:1,updateRatingInSupabase
FNDA:1,updateNotesInSupabase
FNDA:1,updateWatchDateInSupabase
FNDA:1,updateProgressInSupabase
FNDA:2,toggleFavoriteInSupabase
FNDA:1,togglePinnedInSupabase
FNDA:4,deleteVaultItemInSupabase
FNDA:1,restoreVaultItemInSupabase
FNDA:1,updateVaultItemInSupabase
DA:62,2
DA:63,2
DA:64,2
DA:68,2
DA:78,1
DA:79,1
DA:83,1
DA:93,1
DA:94,1
DA:98,1
DA:108,1
DA:109,1
DA:113,1
DA:123,1
DA:124,1
DA:128,1
DA:138,2
DA:139,2
DA:140,2
DA:144,2
DA:154,1
DA:155,1
DA:156,1
DA:160,1
DA:169,4
DA:170,4
DA:175,4
DA:184,1
DA:185,1
DA:190,1
DA:200,1
DA:201,1
DA:205,1
LF:33
LH:33
BRDA:63,0,0,2
BRDA:63,0,1,0
BRDA:68,1,0,1
BRDA:68,1,1,1
BRDA:83,2,0,0
BRDA:83,2,1,1
BRDA:98,3,0,0
BRDA:98,3,1,1
BRDA:113,4,0,0
BRDA:113,4,1,1
BRDA:128,5,0,0
BRDA:128,5,1,1
BRDA:144,6,0,0
BRDA:144,6,1,2
BRDA:160,7,0,0
BRDA:160,7,1,1
BRDA:175,8,0,2
BRDA:175,8,1,2
BRDA:190,9,0,0
BRDA:190,9,1,1
BRDA:205,10,0,0
BRDA:205,10,1,1
BRF:22
BRH:13
end_of_record
TN:
SF:src/features/watchlist/vaultFilterUtils.ts
FN:15,(anonymous_0)
FN:18,matchSearch
FN:32,filterByStatus
FN:38,(anonymous_3)
FN:46,filterByAdvanced
FN:51,(anonymous_5)
FN:52,(anonymous_6)
FN:53,(anonymous_7)
FN:54,(anonymous_8)
FN:55,(anonymous_9)
FN:60,filterByRanges
FN:64,(anonymous_11)
FN:70,(anonymous_12)
FN:83,sortItems
FN:84,(anonymous_14)
FN:114,computeChips
FN:133,countActiveFilters
FN:149,hasAdvancedFiltersActive
FNF:18
FNH:18
FNDA:10,(anonymous_0)
FNDA:13,matchSearch
FNDA:5,filterByStatus
FNDA:12,(anonymous_3)
FNDA:7,filterByAdvanced
FNDA:2,(anonymous_5)
FNDA:3,(anonymous_6)
FNDA:2,(anonymous_7)
FNDA:2,(anonymous_8)
FNDA:2,(anonymous_9)
FNDA:9,filterByRanges
FNDA:59,(anonymous_11)
FNDA:18,(anonymous_12)
FNDA:10,sortItems
FNDA:31,(anonymous_14)
FNDA:12,computeChips
FNDA:6,countActiveFilters
FNDA:5,hasAdvancedFiltersActive
DA:15,10
DA:19,13
DA:20,13
DA:21,13
DA:28,13
DA:36,5
DA:37,4
DA:38,3
DA:40,12
DA:50,7
DA:51,7
DA:52,7
DA:53,7
DA:54,7
DA:55,7
DA:56,7
DA:64,9
DA:65,59
DA:66,59
DA:67,54
DA:68,51
DA:70,9
DA:71,18
DA:72,18
DA:73,18
DA:84,10
DA:85,31
DA:86,4
DA:87,4
DA:88,4
DA:89,4
DA:90,2
DA:91,2
DA:95,27
DA:96,27
DA:100,23
DA:101,19
DA:102,19
DA:103,15
DA:104,15
DA:105,11
DA:106,9
DA:107,8
DA:108,8
DA:109,4
DA:115,12
DA:116,12
DA:117,12
DA:118,12
DA:119,12
DA:120,12
DA:121,12
DA:122,12
DA:123,12
DA:124,12
DA:125,12
DA:126,12
DA:127,12
DA:128,12
DA:129,12
DA:134,6
DA:135,6
DA:136,6
DA:137,6
DA:138,6
DA:139,6
DA:140,6
DA:141,6
DA:142,6
DA:143,6
DA:144,6
DA:145,6
DA:150,5
LF:73
LH:73
BRDA:20,0,0,13
BRDA:20,0,1,1
BRDA:20,0,2,0
BRDA:24,1,0,13
BRDA:24,1,1,12
BRDA:25,2,0,13
BRDA:25,2,1,12
BRDA:26,3,0,13
BRDA:26,3,1,12
BRDA:36,4,0,1
BRDA:36,4,1,4
BRDA:37,5,0,1
BRDA:37,5,1,3
BRDA:40,6,0,12
BRDA:40,6,1,9
BRDA:40,6,2,3
BRDA:51,7,0,1
BRDA:51,7,1,6
BRDA:52,8,0,2
BRDA:52,8,1,5
BRDA:52,9,0,3
BRDA:52,9,1,1
BRDA:53,10,0,1
BRDA:53,10,1,6
BRDA:54,11,0,1
BRDA:54,11,1,6
BRDA:55,12,0,1
BRDA:55,12,1,6
BRDA:66,13,0,5
BRDA:66,13,1,54
BRDA:66,14,0,59
BRDA:66,14,1,11
BRDA:66,14,2,11
BRDA:67,15,0,3
BRDA:67,15,1,51
BRDA:67,16,0,54
BRDA:67,16,1,6
BRDA:67,16,2,6
BRDA:71,17,0,18
BRDA:71,17,1,0
BRDA:71,18,0,18
BRDA:71,18,1,0
BRDA:71,18,2,0
BRDA:72,19,0,18
BRDA:72,19,1,0
BRDA:72,20,0,18
BRDA:72,20,1,0
BRDA:74,21,0,18
BRDA:74,21,1,15
BRDA:74,21,2,14
BRDA:74,21,3,12
BRDA:85,22,0,4
BRDA:85,22,1,27
BRDA:85,23,0,31
BRDA:85,23,1,28
BRDA:88,24,0,0
BRDA:88,24,1,4
BRDA:88,25,0,4
BRDA:88,25,1,2
BRDA:89,26,0,2
BRDA:89,26,1,2
BRDA:89,27,0,4
BRDA:89,27,1,2
BRDA:90,28,0,0
BRDA:90,28,1,2
BRDA:90,29,0,2
BRDA:90,29,1,0
BRDA:91,30,0,1
BRDA:91,30,1,1
BRDA:95,31,0,4
BRDA:95,31,1,23
BRDA:97,32,0,4
BRDA:97,32,1,0
BRDA:97,33,0,4
BRDA:97,33,1,0
BRDA:97,33,2,0
BRDA:98,34,0,4
BRDA:98,34,1,0
BRDA:98,35,0,4
BRDA:98,35,1,0
BRDA:98,35,2,0
BRDA:100,36,0,4
BRDA:100,36,1,19
BRDA:100,37,0,4
BRDA:100,37,1,0
BRDA:100,38,0,4
BRDA:100,38,1,0
BRDA:101,39,0,4
BRDA:101,39,1,15
BRDA:102,40,0,4
BRDA:102,40,1,0
BRDA:102,41,0,4
BRDA:102,41,1,0
BRDA:102,42,0,4
BRDA:102,42,1,0
BRDA:102,43,0,4
BRDA:102,43,1,0
BRDA:103,44,0,4
BRDA:103,44,1,11
BRDA:104,45,0,4
BRDA:104,45,1,0
BRDA:104,46,0,4
BRDA:104,46,1,0
BRDA:104,47,0,4
BRDA:104,47,1,0
BRDA:104,48,0,4
BRDA:104,48,1,0
BRDA:105,49,0,2
BRDA:105,49,1,9
BRDA:105,50,0,2
BRDA:105,50,1,0
BRDA:105,51,0,2
BRDA:105,51,1,0
BRDA:106,52,0,1
BRDA:106,52,1,8
BRDA:107,53,0,4
BRDA:107,53,1,4
BRDA:108,54,0,4
BRDA:108,54,1,0
BRDA:108,54,2,0
BRDA:108,55,0,4
BRDA:108,55,1,0
BRDA:108,55,2,0
BRDA:116,56,0,2
BRDA:116,56,1,10
BRDA:116,57,0,1
BRDA:116,57,1,1
BRDA:117,58,0,1
BRDA:117,58,1,11
BRDA:118,59,0,1
BRDA:118,59,1,11
BRDA:119,60,0,1
BRDA:119,60,1,11
BRDA:120,61,0,1
BRDA:120,61,1,11
BRDA:121,62,0,1
BRDA:121,62,1,11
BRDA:122,63,0,1
BRDA:122,63,1,11
BRDA:123,64,0,1
BRDA:123,64,1,11
BRDA:124,65,0,0
BRDA:124,65,1,12
BRDA:125,66,0,1
BRDA:125,66,1,11
BRDA:126,67,0,0
BRDA:126,67,1,12
BRDA:127,68,0,1
BRDA:127,68,1,11
BRDA:128,69,0,0
BRDA:128,69,1,12
BRDA:135,70,0,1
BRDA:135,70,1,5
BRDA:136,71,0,1
BRDA:136,71,1,5
BRDA:137,72,0,1
BRDA:137,72,1,5
BRDA:138,73,0,0
BRDA:138,73,1,6
BRDA:139,74,0,0
BRDA:139,74,1,6
BRDA:140,75,0,1
BRDA:140,75,1,5
BRDA:141,76,0,1
BRDA:141,76,1,5
BRDA:141,77,0,6
BRDA:141,77,1,5
BRDA:142,78,0,1
BRDA:142,78,1,5
BRDA:142,79,0,6
BRDA:142,79,1,5
BRDA:143,80,0,1
BRDA:143,80,1,5
BRDA:143,81,0,6
BRDA:143,81,1,5
BRDA:144,82,0,1
BRDA:144,82,1,5
BRDA:144,83,0,6
BRDA:144,83,1,5
BRDA:151,84,0,5
BRDA:151,84,1,4
BRDA:151,84,2,4
BRDA:151,84,3,4
BRDA:151,84,4,4
BRDA:151,84,5,4
BRDA:151,84,6,3
BRDA:151,84,7,2
BRDA:151,84,8,2
BRDA:151,84,9,2
BRDA:151,84,10,2
BRDA:151,84,11,2
BRDA:151,84,12,1
BRDA:151,84,13,1
BRF:193
BRH:157
end_of_record
TN:
SF:src/features/watchlist/vaultReadAdapter.ts
FN:30,vaultRowToWatchlistItem
FN:53,fetchVaultFromSupabase
FN:66,(anonymous_2)
FN:84,(anonymous_3)
FN:97,vaultIdentity
FN:115,createVaultItemInSupabase
FNF:6
FNH:6
FNDA:17,vaultRowToWatchlistItem
FNDA:4,fetchVaultFromSupabase
FNDA:20,(anonymous_2)
FNDA:4,(anonymous_3)
FNDA:1,vaultIdentity
FNDA:5,createVaultItemInSupabase
DA:31,17
DA:56,4
DA:57,4
DA:65,4
DA:67,20
DA:71,4
DA:72,4
DA:73,20
DA:74,1
DA:75,1
DA:77,19
DA:80,4
DA:81,4
DA:84,4
DA:85,4
DA:86,4
DA:87,4
DA:90,4
DA:98,1
DA:119,5
DA:120,5
DA:130,5
DA:131,5
DA:132,3
DA:136,2
LF:25
LH:25
BRDA:34,0,0,17
BRDA:34,0,1,1
BRDA:35,1,0,17
BRDA:35,1,1,16
BRDA:36,2,0,17
BRDA:36,2,1,17
BRDA:37,3,0,17
BRDA:37,3,1,16
BRDA:73,4,0,1
BRDA:73,4,1,19
BRDA:85,5,0,4
BRDA:85,5,1,0
BRDA:86,6,0,4
BRDA:86,6,1,0
BRDA:124,7,0,5
BRDA:124,7,1,0
BRDA:124,8,0,5
BRDA:124,8,1,0
BRDA:131,9,0,2
BRDA:131,9,1,3
BRDA:132,10,0,1
BRDA:132,10,1,2
BRF:22
BRH:18
end_of_record
TN:
SF:src/lib/supabase/repositories/shared.ts
FN:16,toError
FNF:1
FNH:1
FNDA:101,toError
DA:17,101
DA:18,22
DA:19,2
LF:3
LH:3
BRDA:17,0,0,79
BRDA:17,0,1,22
BRDA:17,1,0,101
BRDA:17,1,1,23
BRDA:18,2,0,20
BRDA:18,2,1,2
BRF:6
BRH:6
end_of_record
TN:
SF:src/lib/supabase/repositories/collection/collection.entries.ts
FN:61,addItem
FN:109,removeItem
FN:132,clearCollection
FN:151,updateEntryPosition
FNF:4
FNH:3
FNDA:1,addItem
FNDA:1,removeItem
FNDA:1,clearCollection
FNDA:0,updateEntryPosition
DA:41,2
DA:65,1
DA:66,1
DA:70,1
DA:74,1
DA:75,1
DA:76,0
DA:84,1
DA:85,1
DA:91,1
DA:97,1
DA:113,1
DA:119,1
DA:136,1
DA:141,1
DA:156,0
DA:157,0
DA:159,0
DA:167,0
LF:19
LH:14
BRDA:66,0,0,0
BRDA:66,0,1,1
BRDA:74,1,0,0
BRDA:74,1,1,1
BRDA:75,2,0,0
BRDA:75,2,1,1
BRDA:84,3,0,1
BRDA:84,3,1,1
BRDA:157,4,0,0
BRDA:157,4,1,0
BRF:10
BRH:5
end_of_record
TN:
SF:src/lib/supabase/repositories/collection/collection.lifecycle.ts
FN:65,reorderItems
FN:74,(anonymous_1)
FN:129,moveItem
FN:153,(anonymous_3)
FN:154,(anonymous_4)
FN:178,reorderAndGetItems
FNF:6
FNH:0
FNDA:0,reorderItems
FNDA:0,(anonymous_1)
FNDA:0,moveItem
FNDA:0,(anonymous_3)
FNDA:0,(anonymous_4)
FNDA:0,reorderAndGetItems
DA:71,0
DA:72,0
DA:74,0
DA:75,0
DA:77,0
DA:78,0
DA:84,0
DA:85,0
DA:86,0
DA:95,0
DA:96,0
DA:97,0
DA:102,0
DA:105,0
DA:134,0
DA:138,0
DA:139,0
DA:140,0
DA:148,0
DA:149,0
DA:152,0
DA:153,0
DA:154,0
DA:156,0
DA:157,0
DA:164,0
DA:183,0
DA:184,0
DA:186,0
DA:187,0
LF:30
LH:0
BRDA:72,0,0,0
BRDA:72,0,1,0
BRDA:77,1,0,0
BRDA:77,1,1,0
BRDA:85,2,0,0
BRDA:85,2,1,0
BRDA:102,3,0,0
BRDA:102,3,1,0
BRDA:138,4,0,0
BRDA:138,4,1,0
BRDA:139,5,0,0
BRDA:139,5,1,0
BRDA:149,6,0,0
BRDA:149,6,1,0
BRDA:184,7,0,0
BRDA:184,7,1,0
BRF:16
BRH:0
end_of_record
TN:
SF:src/lib/supabase/repositories/collection/collection.read.ts
FN:57,getCollection
FN:77,getCollections
FN:107,searchCollections
FN:141,getItems
FN:161,itemExists
FN:182,getEntry
FNF:6
FNH:5
FNDA:3,getCollection
FNDA:2,getCollections
FNDA:1,searchCollections
FNDA:2,getItems
FNDA:3,itemExists
FNDA:0,getEntry
DA:45,2
DA:46,2
DA:61,3
DA:68,3
DA:81,2
DA:86,2
DA:87,2
DA:89,2
DA:90,0
DA:93,2
DA:94,2
DA:96,2
DA:97,2
DA:111,1
DA:112,1
DA:119,1
DA:120,0
DA:123,1
DA:124,1
DA:126,1
DA:127,1
DA:145,2
DA:151,2
DA:165,3
DA:173,3
DA:186,0
DA:193,0
LF:27
LH:23
BRDA:86,0,0,2
BRDA:86,0,1,0
BRDA:89,1,0,0
BRDA:89,1,1,2
BRDA:97,2,0,2
BRDA:97,2,1,0
BRDA:119,3,0,0
BRDA:119,3,1,1
BRDA:127,4,0,1
BRDA:127,4,1,0
BRDA:151,5,0,2
BRDA:151,5,1,0
BRF:12
BRH:6
end_of_record
TN:
SF:src/lib/supabase/repositories/collection/collection.repository.ts
FN:84,constructor
FN:91,getCollection
FN:96,getCollections
FN:103,searchCollections
FN:112,createCollection
FN:117,updateCollection
FN:125,deleteCollection
FN:130,restoreCollection
FN:137,getItems
FN:142,itemExists
FN:149,getEntry
FN:156,addItem
FN:161,removeItem
FN:166,clearCollection
FN:171,reorderItems
FN:179,reorderAndGetItems
FN:187,moveItem
FN:204,getCollectionRepository
FNF:18
FNH:13
FNDA:19,constructor
FNDA:3,getCollection
FNDA:2,getCollections
FNDA:1,searchCollections
FNDA:2,createCollection
FNDA:1,updateCollection
FNDA:2,deleteCollection
FNDA:1,restoreCollection
FNDA:2,getItems
FNDA:2,itemExists
FNDA:0,getEntry
FNDA:1,addItem
FNDA:1,removeItem
FNDA:1,clearCollection
FNDA:0,reorderItems
FNDA:0,reorderAndGetItems
FNDA:0,moveItem
FNDA:0,getCollectionRepository
DA:85,19
DA:92,3
DA:99,2
DA:106,1
DA:113,2
DA:121,1
DA:126,2
DA:131,1
DA:138,2
DA:145,2
DA:150,0
DA:157,1
DA:162,1
DA:167,1
DA:175,0
DA:183,0
DA:188,0
DA:196,2
DA:205,0
DA:206,0
DA:208,0
DA:209,0
DA:211,0
LF:23
LH:14
BRDA:84,0,0,19
BRDA:205,1,0,0
BRDA:205,1,1,0
BRDA:208,2,0,0
BRDA:208,2,1,0
BRF:5
BRH:1
end_of_record
TN:
SF:src/lib/supabase/repositories/collection/collection.utils.ts
FN:40,validateName
FN:53,validatePosition
FN:71,toCollectionInsert
FN:91,toCollectionUpdate
FN:111,toCollectionEntryInsert
FN:125,toPositionUpdate
FN:145,applySort
FN:159,applyPagination
FN:184,computeNextPosition
FNF:9
FNH:9
FNDA:7,validateName
FNDA:6,validatePosition
FNDA:2,toCollectionInsert
FNDA:2,toCollectionUpdate
FNDA:1,toCollectionEntryInsert
FNDA:1,toPositionUpdate
FNDA:6,applySort
FNDA:5,applyPagination
FNDA:1,computeNextPosition
DA:26,2
DA:41,7
DA:42,6
DA:43,3
DA:45,3
DA:54,6
DA:55,4
DA:56,2
DA:60,2
DA:74,2
DA:94,2
DA:95,2
DA:96,2
DA:97,2
DA:98,2
DA:99,2
DA:100,2
DA:101,2
DA:102,2
DA:103,2
DA:115,1
DA:126,1
DA:149,6
DA:150,2
DA:163,5
DA:164,1
DA:165,5
DA:166,5
DA:188,1
DA:196,1
DA:197,0
LF:31
LH:30
BRDA:41,0,0,1
BRDA:41,0,1,6
BRDA:42,1,0,3
BRDA:42,1,1,3
BRDA:42,2,0,6
BRDA:42,2,1,6
BRDA:54,3,0,2
BRDA:54,3,1,4
BRDA:55,4,0,2
BRDA:55,4,1,2
BRDA:55,5,0,4
BRDA:55,5,1,3
BRDA:77,6,0,2
BRDA:77,6,1,1
BRDA:78,7,0,2
BRDA:78,7,1,2
BRDA:79,8,0,2
BRDA:79,8,1,2
BRDA:80,9,0,2
BRDA:80,9,1,2
BRDA:81,10,0,2
BRDA:81,10,1,2
BRDA:82,11,0,2
BRDA:82,11,1,2
BRDA:83,12,0,2
BRDA:83,12,1,2
BRDA:95,13,0,2
BRDA:95,13,1,0
BRDA:96,14,0,0
BRDA:96,14,1,2
BRDA:97,15,0,0
BRDA:97,15,1,2
BRDA:98,16,0,0
BRDA:98,16,1,2
BRDA:99,17,0,0
BRDA:99,17,1,2
BRDA:100,18,0,0
BRDA:100,18,1,2
BRDA:101,19,0,0
BRDA:101,19,1,2
BRDA:102,20,0,0
BRDA:102,20,1,2
BRDA:149,21,0,4
BRDA:149,21,1,2
BRDA:163,22,0,4
BRDA:163,22,1,1
BRDA:164,23,0,1
BRDA:164,23,1,0
BRDA:196,24,0,1
BRDA:196,24,1,0
BRDA:196,25,0,1
BRDA:196,25,1,1
BRF:52
BRH:42
end_of_record
TN:
SF:src/lib/supabase/repositories/collection/collection.write.ts
FN:51,createCollection
FN:73,updateCollection
FN:101,deleteCollection
FN:122,restoreCollection
FNF:4
FNH:4
FNDA:2,createCollection
FNDA:1,updateCollection
FNDA:2,deleteCollection
FNDA:1,restoreCollection
DA:40,2
DA:55,2
DA:56,2
DA:58,1
DA:59,1
DA:65,1
DA:78,1
DA:79,1
DA:81,1
DA:82,1
DA:90,1
DA:105,2
DA:106,2
DA:114,2
DA:126,1
DA:134,1
LF:16
LH:16
BRDA:56,0,0,1
BRDA:56,0,1,1
BRDA:79,1,0,0
BRDA:79,1,1,1
BRF:4
BRH:3
end_of_record
TN:
SF:src/lib/supabase/repositories/dashboard/dashboard.continue.ts
FN:50,getContinueWatching
FN:72,(anonymous_1)
FN:96,getLatestEpisodeProgress
FNF:3
FNH:3
FNDA:4,getContinueWatching
FNDA:2,(anonymous_1)
FNDA:1,getLatestEpisodeProgress
DA:34,2
DA:35,2
DA:55,4
DA:64,4
DA:65,4
DA:66,4
DA:67,4
DA:71,2
DA:73,2
DA:74,1
DA:76,1
DA:77,1
DA:81,2
DA:100,1
DA:109,1
LF:15
LH:15
BRDA:66,0,0,0
BRDA:66,0,1,4
BRDA:67,1,0,2
BRDA:67,1,1,2
BRDA:67,2,0,4
BRDA:67,2,1,4
BRDA:73,3,0,1
BRDA:73,3,1,1
BRF:8
BRH:7
end_of_record
TN:
SF:src/lib/supabase/repositories/dashboard/dashboard.read.ts
FN:54,getRecentlyAdded
FN:75,getRecentlyUpdated
FN:96,getPinnedItems
FN:118,getFavorites
FN:144,getWatchingNow
FN:168,getCompletedRecently
FN:200,getAllVaultItems
FNF:7
FNH:7
FNDA:2,getRecentlyAdded
FNDA:1,getRecentlyUpdated
FNDA:1,getPinnedItems
FNDA:1,getFavorites
FNDA:1,getWatchingNow
FNDA:1,getCompletedRecently
FNDA:3,getAllVaultItems
DA:44,2
DA:59,2
DA:66,2
DA:67,2
DA:68,2
DA:80,1
DA:87,1
DA:88,1
DA:89,1
DA:101,1
DA:109,1
DA:110,1
DA:111,1
DA:123,1
DA:131,1
DA:132,1
DA:133,1
DA:149,1
DA:157,1
DA:158,1
DA:159,1
DA:173,1
DA:182,1
DA:183,1
DA:184,1
DA:204,3
DA:211,3
LF:27
LH:27
BRDA:68,0,0,2
BRDA:68,0,1,0
BRDA:89,1,0,1
BRDA:89,1,1,0
BRDA:111,2,0,1
BRDA:111,2,1,0
BRDA:133,3,0,1
BRDA:133,3,1,0
BRDA:159,4,0,1
BRDA:159,4,1,0
BRDA:184,5,0,1
BRDA:184,5,1,0
BRDA:211,6,0,3
BRDA:211,6,1,0
BRF:14
BRH:7
end_of_record
TN:
SF:src/lib/supabase/repositories/dashboard/dashboard.repository.ts
FN:72,constructor
FN:79,getDashboardStats
FN:84,getVaultCounts
FN:89,getCollectionCounts
FN:96,getAllVaultItems
FN:103,getContinueWatching
FN:113,getRecentlyAdded
FN:121,getRecentlyUpdated
FN:129,getPinnedItems
FN:137,getFavorites
FN:145,getWatchingNow
FN:153,getCompletedRecently
FN:173,getDashboardRepository
FNF:13
FNH:9
FNDA:14,constructor
FNDA:0,getDashboardStats
FNDA:0,getVaultCounts
FNDA:0,getCollectionCounts
FNDA:3,getAllVaultItems
FNDA:4,getContinueWatching
FNDA:2,getRecentlyAdded
FNDA:1,getRecentlyUpdated
FNDA:1,getPinnedItems
FNDA:1,getFavorites
FNDA:1,getWatchingNow
FNDA:1,getCompletedRecently
FNDA:0,getDashboardRepository
DA:73,14
DA:80,0
DA:85,0
DA:90,0
DA:97,3
DA:107,4
DA:117,2
DA:125,1
DA:133,1
DA:141,1
DA:149,1
DA:157,1
DA:165,2
DA:174,0
DA:175,0
DA:177,0
DA:178,0
DA:180,0
LF:18
LH:10
BRDA:72,0,0,14
BRDA:174,1,0,0
BRDA:174,1,1,0
BRDA:177,2,0,0
BRDA:177,2,1,0
BRF:5
BRH:1
end_of_record
TN:
SF:src/lib/supabase/repositories/dashboard/dashboard.stats.ts
FN:48,runCount
FN:65,getVaultCounts
FN:69,(anonymous_2)
FN:114,getCollectionCounts
FN:118,(anonymous_4)
FN:149,getDashboardStats
FNF:6
FNH:0
FNDA:0,runCount
FNDA:0,getVaultCounts
FNDA:0,(anonymous_2)
FNDA:0,getCollectionCounts
FNDA:0,(anonymous_4)
FNDA:0,getDashboardStats
DA:26,2
DA:27,2
DA:50,0
DA:51,0
DA:69,0
DA:70,0
DA:72,0
DA:84,0
DA:86,0
DA:88,0
DA:96,0
DA:118,0
DA:119,0
DA:121,0
DA:127,0
DA:128,0
DA:130,0
DA:131,0
DA:132,0
DA:134,0
DA:153,0
DA:158,0
DA:159,0
DA:161,0
LF:24
LH:2
BRDA:51,0,0,0
BRDA:51,0,1,0
BRDA:84,1,0,0
BRDA:84,1,1,0
BRDA:84,1,2,0
BRDA:84,1,3,0
BRDA:84,1,4,0
BRDA:84,1,5,0
BRDA:84,1,6,0
BRDA:84,1,7,0
BRDA:86,2,0,0
BRDA:86,2,1,0
BRDA:127,3,0,0
BRDA:127,3,1,0
BRDA:127,3,2,0
BRDA:128,4,0,0
BRDA:128,4,1,0
BRDA:158,5,0,0
BRDA:158,5,1,0
BRDA:159,6,0,0
BRDA:159,6,1,0
BRF:21
BRH:0
end_of_record
TN:
SF:src/lib/supabase/repositories/dashboard/dashboard.utils.ts
FN:33,applyPagination
FN:108,resolveClient
FNF:2
FNH:1
FNDA:14,applyPagination
FNDA:0,resolveClient
DA:37,14
DA:38,3
DA:39,14
DA:40,14
DA:66,2
DA:79,2
DA:85,2
DA:91,2
DA:109,0
LF:9
LH:8
BRDA:37,0,0,11
BRDA:37,0,1,3
BRDA:38,1,0,3
BRDA:38,1,1,1
BRDA:109,2,0,0
BRDA:109,2,1,0
BRF:6
BRH:4
end_of_record
TN:
SF:src/lib/supabase/repositories/discover/discover.context.ts
FN:35,getDiscoverMetadata
FN:75,getUserMediaContext
FNF:2
FNH:2
FNDA:1,getDiscoverMetadata
FNDA:1,getUserMediaContext
DA:40,1
DA:45,1
DA:46,1
DA:49,1
DA:50,1
DA:51,1
DA:52,1
DA:53,1
DA:56,1
DA:80,1
DA:81,1
DA:84,1
DA:85,1
DA:86,0
DA:87,0
DA:88,0
DA:91,1
LF:17
LH:14
BRDA:45,0,0,0
BRDA:45,0,1,1
BRDA:46,1,0,0
BRDA:46,1,1,1
BRDA:50,2,0,1
BRDA:50,2,1,0
BRDA:52,3,0,0
BRDA:52,3,1,1
BRDA:81,4,0,0
BRDA:81,4,1,1
BRDA:85,5,0,0
BRDA:85,5,1,1
BRDA:87,6,0,0
BRDA:87,6,1,0
BRF:14
BRH:6
end_of_record
TN:
SF:src/lib/supabase/repositories/discover/discover.read.ts
FN:63,isInVault
FN:86,getVaultState
FN:121,getCollectionMemberships
FN:161,isInCollection
FN:186,getRelatedCollections
FNF:5
FNH:5
FNDA:3,isInVault
FNDA:6,getVaultState
FNDA:4,getCollectionMemberships
FNDA:2,isInCollection
FNDA:2,getRelatedCollections
DA:48,2
DA:49,2
DA:50,2
DA:67,3
DA:77,3
DA:90,6
DA:99,6
DA:100,6
DA:101,6
DA:127,4
DA:133,4
DA:134,4
DA:139,2
DA:140,2
DA:141,2
DA:144,2
DA:146,2
DA:147,2
DA:153,2
DA:166,2
DA:174,2
DA:190,2
DA:191,2
DA:192,2
DA:194,1
LF:25
LH:25
BRDA:99,0,0,0
BRDA:99,0,1,6
BRDA:133,1,0,0
BRDA:133,1,1,4
BRDA:134,2,0,2
BRDA:134,2,1,2
BRDA:134,3,0,4
BRDA:134,3,1,4
BRDA:144,4,0,0
BRDA:144,4,1,2
BRDA:146,5,0,0
BRDA:146,5,1,2
BRDA:146,6,0,2
BRDA:146,6,1,0
BRDA:191,7,0,0
BRDA:191,7,1,2
BRDA:192,8,0,1
BRDA:192,8,1,1
BRF:18
BRH:12
end_of_record
TN:
SF:src/lib/supabase/repositories/discover/discover.repository.ts
FN:73,constructor
FN:80,isInVault
FN:85,getVaultState
FN:92,getCollectionMemberships
FN:99,isInCollection
FN:107,getRelatedCollections
FN:116,getUniverseMembership
FN:124,getRelatedUniverses
FN:131,getSubscribedUniverses
FN:140,getDiscoverMetadata
FN:147,getUserMediaContext
FN:166,getDiscoverRepository
FNF:12
FNH:11
FNDA:16,constructor
FNDA:3,isInVault
FNDA:2,getVaultState
FNDA:2,getCollectionMemberships
FNDA:2,isInCollection
FNDA:2,getRelatedCollections
FNDA:1,getUniverseMembership
FNDA:1,getRelatedUniverses
FNDA:1,getSubscribedUniverses
FNDA:1,getDiscoverMetadata
FNDA:1,getUserMediaContext
FNDA:0,getDiscoverRepository
DA:74,16
DA:81,3
DA:86,2
DA:95,2
DA:103,2
DA:110,2
DA:120,1
DA:127,1
DA:134,1
DA:143,1
DA:150,1
DA:158,2
DA:167,0
DA:168,0
DA:170,0
DA:171,0
DA:173,0
LF:17
LH:12
BRDA:73,0,0,16
BRDA:167,1,0,0
BRDA:167,1,1,0
BRDA:170,2,0,0
BRDA:170,2,1,0
BRF:5
BRH:1
end_of_record
TN:
SF:src/lib/supabase/repositories/discover/discover.universes.ts
FN:57,getUniverseEntriesForMedia
FN:84,getUniverseMembership
FN:108,(anonymous_2)
FN:109,(anonymous_3)
FN:121,(anonymous_4)
FN:122,(anonymous_5)
FN:130,(anonymous_6)
FN:135,(anonymous_7)
FN:136,(anonymous_8)
FN:155,getRelatedUniverses
FN:161,(anonymous_10)
FN:180,getSubscribedUniverses
FN:199,(anonymous_12)
FN:200,(anonymous_13)
FN:212,getSubscriptionsForUniverses
FNF:15
FNH:8
FNDA:0,getUniverseEntriesForMedia
FNDA:3,getUniverseMembership
FNDA:2,(anonymous_2)
FNDA:2,(anonymous_3)
FNDA:0,(anonymous_4)
FNDA:0,(anonymous_5)
FNDA:0,(anonymous_6)
FNDA:0,(anonymous_7)
FNDA:0,(anonymous_8)
FNDA:1,getRelatedUniverses
FNDA:1,(anonymous_10)
FNDA:1,getSubscribedUniverses
FNDA:1,(anonymous_12)
FNDA:1,(anonymous_13)
FNDA:0,getSubscriptionsForUniverses
DA:41,2
DA:42,2
DA:43,2
DA:61,0
DA:68,0
DA:90,3
DA:97,3
DA:98,3
DA:101,2
DA:105,2
DA:106,2
DA:108,2
DA:109,2
DA:120,0
DA:121,0
DA:122,0
DA:124,0
DA:125,0
DA:126,0
DA:127,0
DA:128,0
DA:130,0
DA:133,0
DA:135,0
DA:137,0
DA:138,0
DA:159,1
DA:160,1
DA:161,1
DA:184,1
DA:190,1
DA:191,1
DA:193,1
DA:197,1
DA:199,1
DA:200,1
DA:217,0
DA:223,0
LF:38
LH:21
BRDA:68,0,0,0
BRDA:68,0,1,0
BRDA:97,1,0,0
BRDA:97,1,1,3
BRDA:98,2,0,1
BRDA:98,2,1,2
BRDA:98,3,0,3
BRDA:98,3,1,3
BRDA:105,4,0,2
BRDA:105,4,1,0
BRDA:122,5,0,0
BRDA:122,5,1,0
BRDA:125,6,0,0
BRDA:125,6,1,0
BRDA:127,7,0,0
BRDA:127,7,1,0
BRDA:137,8,0,0
BRDA:137,8,1,0
BRDA:160,9,0,0
BRDA:160,9,1,1
BRDA:190,10,0,0
BRDA:190,10,1,1
BRDA:191,11,0,0
BRDA:191,11,1,1
BRDA:223,12,0,0
BRDA:223,12,1,0
BRF:26
BRH:9
end_of_record
TN:
SF:src/lib/supabase/repositories/discover/discover.utils.ts
FN:78,resolveClient
FNF:1
FNH:0
FNDA:0,resolveClient
DA:32,2
DA:38,2
DA:44,2
DA:50,2
DA:56,2
DA:62,2
DA:79,0
LF:7
LH:6
BRDA:79,0,0,0
BRDA:79,0,1,0
BRF:2
BRH:0
end_of_record
TN:
SF:src/lib/supabase/repositories/episodeProgress/episodeProgress.read.ts
FN:24,getEpisodeProgressForVaultItem
FN:45,getLatestEpisodeProgress
FN:68,getLatestEpisodeProgressBatch
FN:102,getCompletedEpisodeCount
FNF:4
FNH:4
FNDA:3,getEpisodeProgressForVaultItem
FNDA:2,getLatestEpisodeProgress
FNDA:4,getLatestEpisodeProgressBatch
FNDA:1,getCompletedEpisodeCount
DA:18,2
DA:28,3
DA:35,3
DA:49,2
DA:58,2
DA:72,4
DA:73,1
DA:76,3
DA:83,3
DA:84,2
DA:89,2
DA:90,2
DA:91,4
DA:92,3
DA:96,2
DA:106,1
DA:112,1
LF:17
LH:17
BRDA:35,0,0,3
BRDA:35,0,1,0
BRDA:72,1,0,1
BRDA:72,1,1,3
BRDA:83,2,0,1
BRDA:83,2,1,2
BRDA:84,3,0,0
BRDA:84,3,1,2
BRDA:91,4,0,3
BRDA:91,4,1,1
BRDA:112,5,0,1
BRDA:112,5,1,1
BRF:12
BRH:10
end_of_record
TN:
SF:src/lib/supabase/repositories/episodeProgress/episodeProgress.repository.ts
FN:34,constructor
FN:40,getEpisodeProgressForVaultItem
FN:44,getLatestEpisodeProgress
FN:48,getLatestEpisodeProgressBatch
FN:54,getCompletedEpisodeCount
FN:60,upsertEpisodeProgress
FN:64,markEpisodeCompleted
FN:72,clearEpisodeProgress
FN:81,getEpisodeProgressRepository
FNF:9
FNH:8
FNDA:17,constructor
FNDA:3,getEpisodeProgressForVaultItem
FNDA:2,getLatestEpisodeProgress
FNDA:4,getLatestEpisodeProgressBatch
FNDA:1,getCompletedEpisodeCount
FNDA:3,upsertEpisodeProgress
FNDA:2,markEpisodeCompleted
FNDA:2,clearEpisodeProgress
FNDA:0,getEpisodeProgressRepository
DA:35,17
DA:41,3
DA:45,2
DA:51,4
DA:55,1
DA:61,3
DA:69,2
DA:73,2
DA:79,2
DA:82,0
DA:83,0
DA:84,0
LF:12
LH:9
BRDA:34,0,0,17
BRDA:82,1,0,0
BRDA:82,1,1,0
BRDA:83,2,0,0
BRDA:83,2,1,0
BRF:5
BRH:1
end_of_record
TN:
SF:src/lib/supabase/repositories/episodeProgress/episodeProgress.utils.ts
FN:19,toInsert
FN:33,toCompletedUpdate
FN:48,resolveClient
FNF:3
FNH:2
FNDA:6,toInsert
FNDA:3,toCompletedUpdate
FNDA:0,resolveClient
DA:20,6
DA:34,3
DA:49,0
LF:3
LH:2
BRDA:24,0,0,6
BRDA:24,0,1,5
BRDA:25,1,0,6
BRDA:25,1,1,5
BRDA:26,2,0,6
BRDA:26,2,1,5
BRDA:49,3,0,0
BRDA:49,3,1,0
BRF:8
BRH:6
end_of_record
TN:
SF:src/lib/supabase/repositories/episodeProgress/episodeProgress.write.ts
FN:31,upsertEpisodeProgress
FN:51,markEpisodeCompleted
FN:73,clearEpisodeProgress
FNF:3
FNH:3
FNDA:3,upsertEpisodeProgress
FNDA:2,markEpisodeCompleted
FNDA:2,clearEpisodeProgress
DA:20,2
DA:35,3
DA:36,3
DA:42,3
DA:57,2
DA:64,2
DA:77,2
DA:82,2
LF:8
LH:8
BRF:0
BRH:0
end_of_record
TN:
SF:src/lib/supabase/repositories/preset/preset.read.ts
FN:26,listPresets
FN:44,getPreset
FNF:2
FNH:2
FNDA:3,listPresets
FNDA:2,getPreset
DA:18,2
DA:30,3
DA:36,3
DA:48,2
DA:54,2
LF:5
LH:5
BRDA:36,0,0,3
BRDA:36,0,1,0
BRF:2
BRH:1
end_of_record
TN:
SF:src/lib/supabase/repositories/preset/preset.repository.ts
FN:27,constructor
FN:34,listPresets
FN:39,getPreset
FN:46,createPreset
FN:51,renamePreset
FN:56,deletePreset
FN:65,getPresetRepository
FNF:7
FNH:6
FNDA:14,constructor
FNDA:3,listPresets
FNDA:2,getPreset
FNDA:5,createPreset
FNDA:2,renamePreset
FNDA:2,deletePreset
FNDA:0,getPresetRepository
DA:28,14
DA:35,3
DA:40,2
DA:47,5
DA:52,2
DA:57,2
DA:63,2
DA:66,0
DA:67,0
DA:68,0
LF:10
LH:7
BRDA:27,0,0,14
BRDA:66,1,0,0
BRDA:66,1,1,0
BRDA:67,2,0,0
BRDA:67,2,1,0
BRF:5
BRH:1
end_of_record
TN:
SF:src/lib/supabase/repositories/preset/preset.utils.ts
FN:24,validateName
FN:34,validateFilters
FN:48,toInsert
FN:59,toRenameUpdate
FN:69,resolveClient
FNF:5
FNH:4
FNDA:11,validateName
FNDA:7,validateFilters
FNDA:3,toInsert
FNDA:2,toRenameUpdate
FNDA:0,resolveClient
DA:25,11
DA:26,6
DA:28,5
DA:35,7
DA:36,4
DA:38,3
DA:49,3
DA:60,2
DA:70,0
LF:9
LH:8
BRDA:25,0,0,6
BRDA:25,0,1,5
BRDA:25,1,0,11
BRDA:25,1,1,10
BRDA:35,2,0,4
BRDA:35,2,1,3
BRDA:35,3,0,7
BRDA:35,3,1,5
BRDA:35,3,2,4
BRDA:70,4,0,0
BRDA:70,4,1,0
BRF:11
BRH:9
end_of_record
TN:
SF:src/lib/supabase/repositories/preset/preset.write.ts
FN:30,createPreset
FN:57,renamePreset
FN:82,deletePreset
FNF:3
FNH:3
FNDA:5,createPreset
FNDA:2,renamePreset
FNDA:2,deletePreset
DA:20,2
DA:34,5
DA:35,5
DA:37,3
DA:38,3
DA:40,2
DA:41,2
DA:47,2
DA:62,2
DA:63,2
DA:65,1
DA:72,1
DA:86,2
DA:91,2
LF:14
LH:14
BRDA:35,0,0,2
BRDA:35,0,1,3
BRDA:38,1,0,1
BRDA:38,1,1,2
BRDA:63,2,0,1
BRDA:63,2,1,1
BRF:6
BRH:6
end_of_record
TN:
SF:src/lib/supabase/repositories/profile/profile.lifecycle.ts
FN:66,scheduleDeletion
FN:93,restoreProfile
FN:131,permanentlyDeleteProfile
FNF:3
FNH:2
FNDA:2,scheduleDeletion
FNDA:1,restoreProfile
FNDA:0,permanentlyDeleteProfile
DA:46,2
DA:71,2
DA:72,2
DA:81,2
DA:97,1
DA:105,1
DA:135,0
DA:140,0
LF:8
LH:6
BRDA:71,0,0,2
BRDA:71,0,1,2
BRF:2
BRH:2
end_of_record
TN:
SF:src/lib/supabase/repositories/profile/profile.read.ts
FN:54,getProfile
FN:79,getProfileByUsername
FN:103,getPreferences
FN:121,profileExists
FNF:4
FNH:3
FNDA:3,getProfile
FNDA:1,getProfileByUsername
FNDA:1,getPreferences
FNDA:0,profileExists
DA:40,2
DA:41,2
DA:58,3
DA:65,3
DA:83,1
DA:90,1
DA:107,1
DA:113,1
DA:126,0
DA:134,0
LF:10
LH:8
BRF:0
BRH:0
end_of_record
TN:
SF:src/lib/supabase/repositories/profile/profile.repository.ts
FN:69,constructor
FN:76,getProfile
FN:81,getProfileByUsername
FN:86,getPreferences
FN:91,profileExists
FN:98,createProfile
FN:105,updateProfile
FN:110,updateAvatar
FN:115,updateBio
FN:120,updatePreferences
FN:130,scheduleDeletion
FN:138,restoreProfile
FN:150,permanentlyDeleteProfile
FN:167,getProfileRepository
FNF:14
FNH:11
FNDA:15,constructor
FNDA:3,getProfile
FNDA:1,getProfileByUsername
FNDA:1,getPreferences
FNDA:0,profileExists
FNDA:2,createProfile
FNDA:1,updateProfile
FNDA:1,updateAvatar
FNDA:2,updateBio
FNDA:1,updatePreferences
FNDA:2,scheduleDeletion
FNDA:1,restoreProfile
FNDA:0,permanentlyDeleteProfile
FNDA:0,getProfileRepository
DA:70,15
DA:77,3
DA:82,1
DA:87,1
DA:92,0
DA:99,2
DA:106,1
DA:111,1
DA:116,2
DA:124,1
DA:134,2
DA:139,1
DA:151,0
DA:159,2
DA:168,0
DA:169,0
DA:171,0
DA:172,0
DA:174,0
LF:19
LH:12
BRDA:69,0,0,15
BRDA:168,1,0,0
BRDA:168,1,1,0
BRDA:171,2,0,0
BRDA:171,2,1,0
BRF:5
BRH:1
end_of_record
TN:
SF:src/lib/supabase/repositories/profile/profile.utils.ts
FN:38,validateBio
FN:56,validateCountry
FN:76,toProfileInsert
FN:95,toProfileUpdate
FN:113,toPreferencesUpdate
FN:144,computeScheduledDeletionAt
FNF:6
FNH:6
FNDA:12,validateBio
FNDA:10,validateCountry
FNDA:3,toProfileInsert
FNDA:4,toProfileUpdate
FNDA:3,toPreferencesUpdate
FNDA:3,computeScheduledDeletionAt
DA:20,2
DA:23,2
DA:26,2
DA:39,12
DA:40,7
DA:41,2
DA:45,5
DA:57,10
DA:58,6
DA:59,2
DA:63,4
DA:79,3
DA:98,4
DA:99,4
DA:100,4
DA:101,4
DA:102,4
DA:103,4
DA:104,4
DA:105,4
DA:106,4
DA:116,3
DA:117,3
DA:118,3
DA:119,3
DA:120,3
DA:121,3
DA:122,3
DA:123,3
DA:124,3
DA:125,3
DA:126,3
DA:127,3
DA:128,3
DA:129,3
DA:130,3
DA:147,3
LF:37
LH:37
BRDA:39,0,0,5
BRDA:39,0,1,7
BRDA:39,1,0,12
BRDA:39,1,1,11
BRDA:40,2,0,2
BRDA:40,2,1,5
BRDA:57,3,0,4
BRDA:57,3,1,6
BRDA:58,4,0,2
BRDA:58,4,1,4
BRDA:83,5,0,3
BRDA:83,5,1,3
BRDA:84,6,0,3
BRDA:84,6,1,3
BRDA:99,7,0,0
BRDA:99,7,1,4
BRDA:100,8,0,0
BRDA:100,8,1,4
BRDA:101,9,0,1
BRDA:101,9,1,3
BRDA:102,10,0,3
BRDA:102,10,1,1
BRDA:103,11,0,0
BRDA:103,11,1,4
BRDA:104,12,0,0
BRDA:104,12,1,4
BRDA:105,13,0,0
BRDA:105,13,1,4
BRDA:117,14,0,3
BRDA:117,14,1,0
BRDA:118,15,0,1
BRDA:118,15,1,2
BRDA:119,16,0,0
BRDA:119,16,1,3
BRDA:120,17,0,0
BRDA:120,17,1,3
BRDA:121,18,0,0
BRDA:121,18,1,3
BRDA:122,19,0,0
BRDA:122,19,1,3
BRDA:123,20,0,0
BRDA:123,20,1,3
BRDA:124,21,0,0
BRDA:124,21,1,3
BRDA:125,22,0,0
BRDA:125,22,1,3
BRDA:126,23,0,0
BRDA:126,23,1,3
BRDA:127,24,0,0
BRDA:127,24,1,3
BRDA:128,25,0,0
BRDA:128,25,1,3
BRDA:129,26,0,0
BRDA:129,26,1,3
BRDA:145,27,0,3
BRF:55
BRH:38
end_of_record
TN:
SF:src/lib/supabase/repositories/profile/profile.write.ts
FN:71,createProfile
FN:104,updateProfile
FN:133,updateAvatar
FN:146,updateBio
FN:168,updatePreferences
FNF:5
FNH:5
FNDA:2,createProfile
FNDA:4,updateProfile
FNDA:1,updateAvatar
FNDA:2,updateBio
FNDA:1,updatePreferences
DA:53,2
DA:54,2
DA:75,2
DA:76,2
DA:78,2
DA:79,2
DA:81,2
DA:82,2
DA:88,2
DA:109,4
DA:110,4
DA:112,3
DA:113,3
DA:115,3
DA:116,3
DA:124,3
DA:138,1
DA:151,2
DA:173,1
DA:178,1
DA:184,1
LF:21
LH:21
BRDA:76,0,0,0
BRDA:76,0,1,2
BRDA:79,1,0,0
BRDA:79,1,1,2
BRDA:110,2,0,1
BRDA:110,2,1,3
BRDA:113,3,0,0
BRDA:113,3,1,3
BRF:8
BRH:5
end_of_record
TN:
SF:src/lib/supabase/repositories/vault/vault.read.ts
FN:27,getVaultItem
FN:45,getVaultByTmdbId
FN:57,getVaultByStatus
FN:74,getFavorites
FN:90,getPinned
FN:106,getRecentlyUpdated
FN:122,searchVault
FNF:7
FNH:7
FNDA:4,getVaultItem
FNDA:1,getVaultByTmdbId
FNDA:4,getVaultByStatus
FNDA:1,getFavorites
FNDA:1,getPinned
FNDA:1,getRecentlyUpdated
FNDA:1,searchVault
DA:22,2
DA:31,4
DA:39,4
DA:51,1
DA:63,4
DA:65,4
DA:66,4
DA:67,4
DA:68,4
DA:79,1
DA:81,1
DA:82,1
DA:83,1
DA:84,1
DA:95,1
DA:97,1
DA:98,1
DA:99,1
DA:100,1
DA:111,1
DA:114,1
DA:115,1
DA:116,1
DA:126,1
DA:127,1
DA:131,1
DA:132,1
DA:133,1
DA:134,1
LF:29
LH:29
BRDA:68,0,0,4
BRDA:68,0,1,0
BRDA:84,1,0,1
BRDA:84,1,1,0
BRDA:100,2,0,1
BRDA:100,2,1,0
BRDA:116,3,0,1
BRDA:116,3,1,0
BRDA:134,4,0,1
BRDA:134,4,1,0
BRF:10
BRH:5
end_of_record
TN:
SF:src/lib/supabase/repositories/vault/vault.repository.ts
FN:29,constructor
FN:34,createVaultItem
FN:37,updateVaultItem
FN:40,updateStatus
FN:43,updateRating
FN:46,updateNotes
FN:49,updateProgress
FN:52,deleteVaultItem
FN:55,restoreVaultItem
FN:60,getVaultItem
FN:63,getVaultByTmdbId
FN:66,getVaultByStatus
FN:69,getFavorites
FN:72,getPinned
FN:75,getRecentlyUpdated
FN:78,searchVault
FN:86,getVaultRepository
FNF:17
FNH:16
FNDA:26,constructor
FNDA:2,createVaultItem
FNDA:2,updateVaultItem
FNDA:1,updateStatus
FNDA:3,updateRating
FNDA:1,updateNotes
FNDA:2,updateProgress
FNDA:2,deleteVaultItem
FNDA:1,restoreVaultItem
FNDA:3,getVaultItem
FNDA:1,getVaultByTmdbId
FNDA:4,getVaultByStatus
FNDA:1,getFavorites
FNDA:1,getPinned
FNDA:1,getRecentlyUpdated
FNDA:1,searchVault
FNDA:0,getVaultRepository
DA:30,26
DA:35,2
DA:38,2
DA:41,1
DA:44,3
DA:47,1
DA:50,2
DA:53,2
DA:56,1
DA:61,3
DA:64,1
DA:67,4
DA:70,1
DA:73,1
DA:76,1
DA:79,1
DA:84,2
DA:87,0
DA:88,0
DA:89,0
LF:20
LH:17
BRDA:29,0,0,26
BRDA:87,1,0,0
BRDA:87,1,1,0
BRDA:88,2,0,0
BRDA:88,2,1,0
BRF:5
BRH:1
end_of_record
TN:
SF:src/lib/supabase/repositories/vault/vault.utils.ts
FN:19,validateRating
FN:26,validateProgressMinutes
FN:37,toVaultInsert
FN:60,applySort
FN:68,applyPagination
FNF:5
FNH:5
FNDA:9,validateRating
FNDA:5,validateProgressMinutes
FNDA:4,toVaultInsert
FNDA:11,applySort
FNDA:11,applyPagination
DA:20,9
DA:21,5
DA:23,4
DA:27,5
DA:28,2
DA:30,3
DA:38,4
DA:64,11
DA:65,4
DA:72,11
DA:73,3
DA:74,11
LF:12
LH:12
BRDA:20,0,0,5
BRDA:20,0,1,4
BRDA:20,1,0,9
BRDA:20,1,1,6
BRDA:27,2,0,2
BRDA:27,2,1,3
BRDA:64,3,0,7
BRDA:64,3,1,4
BRDA:72,4,0,8
BRDA:72,4,1,3
BRDA:73,5,0,3
BRDA:73,5,1,1
BRF:12
BRH:12
end_of_record
TN:
SF:src/lib/supabase/repositories/vault/vault.write.ts
FN:25,createVaultItem
FN:40,updateVaultItem
FN:60,updateStatus
FN:74,updateRating
FN:90,updateNotes
FN:104,updateProgress
FN:120,deleteVaultItem
FN:139,restoreVaultItem
FNF:8
FNH:8
FNDA:2,createVaultItem
FNDA:6,updateVaultItem
FNDA:1,updateStatus
FNDA:3,updateRating
FNDA:1,updateNotes
FNDA:2,updateProgress
FNDA:2,deleteVaultItem
FNDA:1,restoreVaultItem
DA:20,2
DA:29,2
DA:34,2
DA:45,6
DA:54,6
DA:65,1
DA:79,3
DA:80,3
DA:81,1
DA:95,1
DA:109,2
DA:110,2
DA:111,1
DA:124,2
DA:133,2
DA:143,1
DA:152,1
LF:17
LH:17
BRDA:80,0,0,2
BRDA:80,0,1,1
BRDA:110,1,0,1
BRDA:110,1,1,1
BRF:4
BRH:4
end_of_record
TN:
SF:src/shared/hooks/userLibraryAdapter.ts
FN:39,vaultRowToWatchlistItem
FN:90,fetchUserLibrary
FN:102,(anonymous_2)
FN:102,(anonymous_3)
FN:116,(anonymous_4)
FN:125,getUserId
FNF:6
FNH:6
FNDA:14,vaultRowToWatchlistItem
FNDA:5,fetchUserLibrary
FNDA:4,(anonymous_2)
FNDA:2,(anonymous_3)
FNDA:4,(anonymous_4)
FNDA:2,getUserId
DA:43,14
DA:54,14
DA:55,4
DA:63,4
DA:70,10
DA:91,5
DA:94,5
DA:95,5
DA:96,1
DA:99,5
DA:102,5
DA:103,5
DA:105,5
DA:106,2
DA:107,2
DA:108,2
DA:109,1
DA:111,1
DA:116,5
DA:117,4
DA:118,4
DA:126,2
LF:22
LH:22
BRDA:46,0,0,14
BRDA:46,0,1,0
BRDA:47,1,0,14
BRDA:47,1,1,12
BRDA:48,2,0,14
BRDA:48,2,1,14
BRDA:49,3,0,14
BRDA:49,3,1,13
BRDA:54,4,0,4
BRDA:54,4,1,10
BRDA:54,5,0,14
BRDA:54,5,1,5
BRDA:59,6,0,4
BRDA:59,6,1,1
BRDA:95,7,0,1
BRDA:95,7,1,4
BRDA:99,8,0,5
BRDA:99,8,1,1
BRDA:105,9,0,2
BRDA:105,9,1,3
BRDA:108,10,0,1
BRDA:108,10,1,1
BRF:22
BRH:21
end_of_record
TN:
SF:src/shared/utils/apiCache.ts
FN:48,buildCacheKey
FN:55,(anonymous_1)
FN:64,getCached
FN:77,setCached
FN:85,getInFlight
FN:92,setInFlight
FN:95,(anonymous_6)
FN:110,cachedFetch
FN:140,clearCache
FNF:9
FNH:9
FNDA:6,buildCacheKey
FNDA:10,(anonymous_1)
FNDA:17,getCached
FNDA:11,setCached
FNDA:11,getInFlight
FNDA:9,setInFlight
FNDA:9,(anonymous_6)
FNDA:10,cachedFetch
FNDA:15,clearCache
DA:30,1
DA:31,1
DA:37,1
DA:38,1
DA:52,6
DA:53,5
DA:55,10
DA:57,5
DA:65,17
DA:66,17
DA:67,7
DA:68,1
DA:69,1
DA:71,6
DA:78,11
DA:86,11
DA:93,9
DA:95,9
DA:116,10
DA:117,10
DA:120,7
DA:121,7
DA:124,6
DA:125,6
DA:127,6
DA:128,6
DA:129,5
DA:130,5
DA:133,1
DA:141,15
DA:142,15
LF:31
LH:31
BRDA:52,0,0,1
BRDA:52,0,1,5
BRDA:55,1,0,10
BRDA:55,1,1,1
BRDA:66,2,0,10
BRDA:66,2,1,7
BRDA:67,3,0,1
BRDA:67,3,1,6
BRDA:117,4,0,3
BRDA:117,4,1,7
BRDA:121,5,0,1
BRDA:121,5,1,6
BRF:12
BRH:12
end_of_record
TN:
SF:src/shared/utils/date.ts
FN:7,(anonymous_0)
FN:20,(anonymous_1)
FN:27,(anonymous_2)
FN:28,(anonymous_3)
FN:29,(anonymous_4)
FN:31,(anonymous_5)
FN:32,(anonymous_6)
FN:33,(anonymous_7)
FNF:8
FNH:8
FNDA:9,(anonymous_0)
FNDA:19,(anonymous_1)
FNDA:4,(anonymous_2)
FNDA:4,(anonymous_3)
FNDA:2,(anonymous_4)
FNDA:2,(anonymous_5)
FNDA:2,(anonymous_6)
FNDA:2,(anonymous_7)
DA:7,2
DA:8,9
DA:9,6
DA:10,4
DA:11,3
DA:12,3
DA:14,1
DA:15,1
DA:17,0
DA:20,2
DA:21,19
DA:22,9
DA:23,9
DA:25,11
DA:26,2
DA:27,4
DA:28,4
DA:29,2
DA:30,1
DA:31,2
DA:32,2
DA:33,2
DA:35,9
LF:23
LH:22
BRDA:8,0,0,3
BRDA:8,0,1,6
BRDA:9,1,0,2
BRDA:9,1,1,4
BRDA:9,2,0,1
BRDA:9,2,1,1
BRDA:10,3,0,3
BRDA:10,3,1,1
BRDA:12,4,0,1
BRDA:12,4,1,2
BRDA:14,5,0,1
BRDA:14,5,1,0
BRDA:14,6,0,1
BRDA:14,6,1,1
BRDA:15,7,0,1
BRDA:15,7,1,0
BRDA:21,8,0,9
BRDA:21,8,1,10
BRDA:21,9,0,19
BRDA:21,9,1,10
BRDA:21,9,2,10
BRDA:23,10,0,8
BRDA:23,10,1,1
BRDA:25,11,0,2
BRDA:25,11,1,9
BRDA:25,12,0,11
BRDA:25,12,1,2
BRDA:27,13,0,2
BRDA:27,13,1,2
BRDA:28,14,0,4
BRDA:28,14,1,2
BRDA:29,15,0,1
BRDA:29,15,1,1
BRDA:31,16,0,2
BRDA:31,16,1,0
BRDA:32,17,0,2
BRDA:32,17,1,2
BRDA:33,18,0,1
BRDA:33,18,1,0
BRF:39
BRH:35
end_of_record
TN:
SF:src/shared/utils/format.ts
FN:1,(anonymous_0)
FNF:1
FNH:1
FNDA:9,(anonymous_0)
DA:1,1
DA:4,9
DA:6,5
DA:7,5
DA:9,5
LF:5
LH:5
BRDA:4,0,0,4
BRDA:4,0,1,5
BRDA:4,1,0,9
BRDA:4,1,1,6
BRDA:9,2,0,4
BRDA:9,2,1,1
BRDA:10,3,0,2
BRDA:10,3,1,2
BRF:8
BRH:8
end_of_record
TN:
SF:src/shared/utils/progress.ts
FN:50,isWatchable
FN:61,getContinueWatchingList
FN:64,(anonymous_2)
FN:106,resolveSeasons
FN:113,(anonymous_4)
FN:114,(anonymous_5)
FN:120,(anonymous_6)
FN:121,(anonymous_7)
FN:122,(anonymous_8)
FN:158,getEpisodeProgress
FN:189,(anonymous_10)
FN:193,(anonymous_11)
FN:197,(anonymous_12)
FN:240,getInProgressCount
FNF:14
FNH:14
FNDA:45,isWatchable
FNDA:13,getContinueWatchingList
FNDA:8,(anonymous_2)
FNDA:13,resolveSeasons
FNDA:16,(anonymous_4)
FNDA:8,(anonymous_5)
FNDA:2,(anonymous_6)
FNDA:2,(anonymous_7)
FNDA:1,(anonymous_8)
FNDA:9,getEpisodeProgress
FNDA:8,(anonymous_10)
FNDA:8,(anonymous_11)
FNDA:8,(anonymous_12)
FNDA:2,getInProgressCount
DA:51,45
DA:52,43
DA:62,13
DA:65,8
DA:66,8
DA:67,8
DA:111,13
DA:112,8
DA:113,16
DA:114,8
DA:118,5
DA:119,1
DA:120,2
DA:121,2
DA:122,1
DA:129,4
DA:130,13
DA:131,1
DA:134,3
DA:162,9
DA:163,7
DA:165,6
DA:166,9
DA:167,9
DA:170,9
DA:171,1
DA:186,5
DA:189,8
DA:190,5
DA:193,9
DA:197,9
DA:198,8
DA:199,4
DA:200,0
DA:204,9
DA:209,9
DA:211,9
DA:216,9
DA:219,9
DA:221,9
DA:241,2
LF:41
LH:40
BRDA:51,0,0,2
BRDA:51,0,1,43
BRDA:65,1,0,7
BRDA:65,1,1,1
BRDA:66,2,0,6
BRDA:66,2,1,2
BRDA:111,3,0,8
BRDA:111,3,1,5
BRDA:111,4,0,13
BRDA:111,4,1,8
BRDA:113,5,0,16
BRDA:113,5,1,15
BRDA:118,6,0,1
BRDA:118,6,1,4
BRDA:118,7,0,5
BRDA:118,7,1,1
BRDA:120,8,0,2
BRDA:120,8,1,2
BRDA:129,9,0,4
BRDA:129,9,1,0
BRDA:130,10,0,1
BRDA:130,10,1,12
BRDA:130,11,0,13
BRDA:130,11,1,2
BRDA:130,11,2,1
BRDA:162,12,0,2
BRDA:162,12,1,7
BRDA:162,13,0,9
BRDA:162,13,1,8
BRDA:163,14,0,1
BRDA:163,14,1,6
BRDA:165,15,0,6
BRDA:165,15,1,1
BRDA:166,16,0,9
BRDA:166,16,1,1
BRDA:170,17,0,1
BRDA:170,17,1,8
BRDA:190,18,0,5
BRDA:190,18,1,1
BRDA:198,19,0,4
BRDA:198,19,1,4
BRDA:199,20,0,4
BRDA:199,20,1,0
BRDA:204,21,0,5
BRDA:204,21,1,0
BRDA:211,22,0,9
BRDA:211,22,1,5
BRDA:211,22,2,4
BRDA:216,23,0,4
BRDA:216,23,1,1
BRF:50
BRH:47
end_of_record
TN:
SF:src/shared/utils/vaultMatch.ts
FN:43,findInVault
FN:50,(anonymous_1)
FN:57,isInVault
FN:74,vaultIdKey
FN:85,buildVaultKeySet
FN:86,(anonymous_5)
FN:86,(anonymous_6)
FNF:7
FNH:7
FNDA:39,findInVault
FNDA:13,(anonymous_1)
FNDA:4,isInVault
FNDA:12,vaultIdKey
FNDA:3,buildVaultKeySet
FNDA:5,(anonymous_5)
FNDA:5,(anonymous_6)
DA:47,39
DA:48,36
DA:49,36
DA:50,36
DA:61,4
DA:77,12
DA:78,10
DA:86,5
LF:8
LH:8
BRDA:47,0,0,3
BRDA:47,0,1,36
BRDA:50,1,0,36
BRDA:50,1,1,29
BRDA:50,2,0,13
BRDA:50,2,1,10
BRDA:77,3,0,2
BRDA:77,3,1,10
BRF:8
BRH:8
end_of_record
TN:
SF:src/shared/utils/vaultStatus.ts
FN:48,toMs
FN:67,timeAgo
FNF:2
FNH:2
FNDA:32,toMs
FNDA:12,timeAgo
DA:19,6
DA:30,6
DA:49,32
DA:50,25
DA:51,24
DA:52,19
DA:53,19
DA:55,5
DA:56,3
DA:57,2
DA:58,2
DA:60,1
DA:68,12
DA:69,12
DA:70,9
DA:71,9
DA:72,9
DA:73,8
DA:74,7
DA:75,7
DA:76,4
DA:77,4
DA:78,3
DA:79,3
DA:80,2
DA:81,2
DA:82,1
LF:27
LH:27
BRDA:49,0,0,7
BRDA:49,0,1,25
BRDA:50,1,0,1
BRDA:50,1,1,24
BRDA:51,2,0,19
BRDA:51,2,1,5
BRDA:53,3,0,1
BRDA:53,3,1,18
BRDA:55,4,0,2
BRDA:55,4,1,3
BRDA:56,5,0,2
BRDA:56,5,1,1
BRDA:56,6,0,3
BRDA:56,6,1,3
BRDA:56,6,2,3
BRDA:69,7,0,3
BRDA:69,7,1,9
BRDA:72,8,0,1
BRDA:72,8,1,8
BRDA:73,9,0,1
BRDA:73,9,1,7
BRDA:75,10,0,3
BRDA:75,10,1,4
BRDA:77,11,0,1
BRDA:77,11,1,3
BRDA:79,12,0,1
BRDA:79,12,1,2
BRDA:81,13,0,1
BRDA:81,13,1,1
BRF:29
BRH:29
end_of_record
